[2016-11-07 13:31:15] local.ERROR: ErrorException: Trying to get property of non-object in C:\LaravelBlog\Blog\storage\framework\views\b2ed46a0f793b398fc46d6738385b8c0c80d4ca9.php:31
Stack trace:
#0 C:\LaravelBlog\Blog\storage\framework\views\b2ed46a0f793b398fc46d6738385b8c0c80d4ca9.php(31): Illuminate\Foundation\Bootstrap\HandleExceptions->handleError(8, 'Trying to get p...', 'C:\\LaravelBlog\\...', 31, Array)
#1 C:\LaravelBlog\Blog\vendor\laravel\framework\src\Illuminate\View\Engines\PhpEngine.php(42): include('C:\\LaravelBlog\\...')
#2 C:\LaravelBlog\Blog\vendor\laravel\framework\src\Illuminate\View\Engines\CompilerEngine.php(59): Illuminate\View\Engines\PhpEngine->evaluatePath('C:\\LaravelBlog\\...', Array)
#3 C:\LaravelBlog\Blog\vendor\laravel\framework\src\Illuminate\View\View.php(149): Illuminate\View\Engines\CompilerEngine->get('C:\\LaravelBlog\\...', Array)
#4 C:\LaravelBlog\Blog\vendor\laravel\framework\src\Illuminate\View\View.php(120): Illuminate\View\View->getContents()
#5 C:\LaravelBlog\Blog\vendor\laravel\framework\src\Illuminate\View\View.php(85): Illuminate\View\View->renderContents()
#6 C:\LaravelBlog\Blog\storage\framework\views\12d0bbb0539532dbb1e185048a333509d89dc5b7.php(25): Illuminate\View\View->render()
#7 C:\LaravelBlog\Blog\vendor\laravel\framework\src\Illuminate\View\Engines\PhpEngine.php(42): include('C:\\LaravelBlog\\...')
#8 C:\LaravelBlog\Blog\vendor\laravel\framework\src\Illuminate\View\Engines\CompilerEngine.php(59): Illuminate\View\Engines\PhpEngine->evaluatePath('C:\\LaravelBlog\\...', Array)
#9 C:\LaravelBlog\Blog\vendor\laravel\framework\src\Illuminate\View\View.php(149): Illuminate\View\Engines\CompilerEngine->get('C:\\LaravelBlog\\...', Array)
#10 C:\LaravelBlog\Blog\vendor\laravel\framework\src\Illuminate\View\View.php(120): Illuminate\View\View->getContents()
#11 C:\LaravelBlog\Blog\vendor\laravel\framework\src\Illuminate\View\View.php(85): Illuminate\View\View->renderContents()
#12 C:\LaravelBlog\Blog\storage\framework\views\fad7a812214436cb94a5e292b8a442265e166ad2.php(16): Illuminate\View\View->render()
#13 C:\LaravelBlog\Blog\vendor\laravel\framework\src\Illuminate\View\Engines\PhpEngine.php(42): include('C:\\LaravelBlog\\...')
#14 C:\LaravelBlog\Blog\vendor\laravel\framework\src\Illuminate\View\Engines\CompilerEngine.php(59): Illuminate\View\Engines\PhpEngine->evaluatePath('C:\\LaravelBlog\\...', Array)
#15 C:\LaravelBlog\Blog\vendor\laravel\framework\src\Illuminate\View\View.php(149): Illuminate\View\Engines\CompilerEngine->get('C:\\LaravelBlog\\...', Array)
#16 C:\LaravelBlog\Blog\vendor\laravel\framework\src\Illuminate\View\View.php(120): Illuminate\View\View->getContents()
#17 C:\LaravelBlog\Blog\vendor\laravel\framework\src\Illuminate\View\View.php(85): Illuminate\View\View->renderContents()
#18 C:\LaravelBlog\Blog\vendor\laravel\framework\src\Illuminate\Http\Response.php(45): Illuminate\View\View->render()
#19 C:\LaravelBlog\Blog\vendor\symfony\http-foundation\Response.php(201): Illuminate\Http\Response->setContent(Object(Illuminate\View\View))
#20 C:\LaravelBlog\Blog\vendor\laravel\framework\src\Illuminate\Routing\Router.php(1017): Symfony\Component\HttpFoundation\Response->__construct(Object(Illuminate\View\View))
#21 C:\LaravelBlog\Blog\vendor\laravel\framework\src\Illuminate\Routing\Router.php(642): Illuminate\Routing\Router->prepareResponse(Object(Illuminate\Http\Request), Object(Illuminate\View\View))
#22 C:\LaravelBlog\Blog\vendor\laravel\framework\src\Illuminate\Routing\Pipeline.php(53): Illuminate\Routing\Router->Illuminate\Routing\{closure}(Object(Illuminate\Http\Request))
#23 C:\LaravelBlog\Blog\vendor\laravel\framework\src\Illuminate\Routing\Middleware\SubstituteBindings.php(41): Illuminate\Routing\Pipeline->Illuminate\Routing\{closure}(Object(Illuminate\Http\Request))
#24 C:\LaravelBlog\Blog\vendor\laravel\framework\src\Illuminate\Pipeline\Pipeline.php(137): Illuminate\Routing\Middleware\SubstituteBindings->handle(Object(Illuminate\Http\Request), Object(Closure))
#25 C:\LaravelBlog\Blog\vendor\laravel\framework\src\Illuminate\Routing\Pipeline.php(33): Illuminate\Pipeline\Pipeline->Illuminate\Pipeline\{closure}(Object(Illuminate\Http\Request))
#26 C:\LaravelBlog\Blog\vendor\laravel\framework\src\Illuminate\Foundation\Http\Middleware\VerifyCsrfToken.php(65): Illuminate\Routing\Pipeline->Illuminate\Routing\{closure}(Object(Illuminate\Http\Request))
#27 C:\LaravelBlog\Blog\vendor\laravel\framework\src\Illuminate\Pipeline\Pipeline.php(137): Illuminate\Foundation\Http\Middleware\VerifyCsrfToken->handle(Object(Illuminate\Http\Request), Object(Closure))
#28 C:\LaravelBlog\Blog\vendor\laravel\framework\src\Illuminate\Routing\Pipeline.php(33): Illuminate\Pipeline\Pipeline->Illuminate\Pipeline\{closure}(Object(Illuminate\Http\Request))
#29 C:\LaravelBlog\Blog\vendor\laravel\framework\src\Illuminate\View\Middleware\ShareErrorsFromSession.php(49): Illuminate\Routing\Pipeline->Illuminate\Routing\{closure}(Object(Illuminate\Http\Request))
#30 C:\LaravelBlog\Blog\vendor\laravel\framework\src\Illuminate\Pipeline\Pipeline.php(137): Illuminate\View\Middleware\ShareErrorsFromSession->handle(Object(Illuminate\Http\Request), Object(Closure))
#31 C:\LaravelBlog\Blog\vendor\laravel\framework\src\Illuminate\Routing\Pipeline.php(33): Illuminate\Pipeline\Pipeline->Illuminate\Pipeline\{closure}(Object(Illuminate\Http\Request))
#32 C:\LaravelBlog\Blog\vendor\laravel\framework\src\Illuminate\Session\Middleware\StartSession.php(64): Illuminate\Routing\Pipeline->Illuminate\Routing\{closure}(Object(Illuminate\Http\Request))
#33 C:\LaravelBlog\Blog\vendor\laravel\framework\src\Illuminate\Pipeline\Pipeline.php(137): Illuminate\Session\Middleware\StartSession->handle(Object(Illuminate\Http\Request), Object(Closure))
#34 C:\LaravelBlog\Blog\vendor\laravel\framework\src\Illuminate\Routing\Pipeline.php(33): Illuminate\Pipeline\Pipeline->Illuminate\Pipeline\{closure}(Object(Illuminate\Http\Request))
#35 C:\LaravelBlog\Blog\vendor\laravel\framework\src\Illuminate\Cookie\Middleware\AddQueuedCookiesToResponse.php(37): Illuminate\Routing\Pipeline->Illuminate\Routing\{closure}(Object(Illuminate\Http\Request))
#36 C:\LaravelBlog\Blog\vendor\laravel\framework\src\Illuminate\Pipeline\Pipeline.php(137): Illuminate\Cookie\Middleware\AddQueuedCookiesToResponse->handle(Object(Illuminate\Http\Request), Object(Closure))
#37 C:\LaravelBlog\Blog\vendor\laravel\framework\src\Illuminate\Routing\Pipeline.php(33): Illuminate\Pipeline\Pipeline->Illuminate\Pipeline\{closure}(Object(Illuminate\Http\Request))
#38 C:\LaravelBlog\Blog\vendor\laravel\framework\src\Illuminate\Cookie\Middleware\EncryptCookies.php(59): Illuminate\Routing\Pipeline->Illuminate\Routing\{closure}(Object(Illuminate\Http\Request))
#39 C:\LaravelBlog\Blog\vendor\laravel\framework\src\Illuminate\Pipeline\Pipeline.php(137): Illuminate\Cookie\Middleware\EncryptCookies->handle(Object(Illuminate\Http\Request), Object(Closure))
#40 C:\LaravelBlog\Blog\vendor\laravel\framework\src\Illuminate\Routing\Pipeline.php(33): Illuminate\Pipeline\Pipeline->Illuminate\Pipeline\{closure}(Object(Illuminate\Http\Request))
#41 C:\LaravelBlog\Blog\vendor\laravel\framework\src\Illuminate\Pipeline\Pipeline.php(104): Illuminate\Routing\Pipeline->Illuminate\Routing\{closure}(Object(Illuminate\Http\Request))
#42 C:\LaravelBlog\Blog\vendor\laravel\framework\src\Illuminate\Routing\Router.php(644): Illuminate\Pipeline\Pipeline->then(Object(Closure))
#43 C:\LaravelBlog\Blog\vendor\laravel\framework\src\Illuminate\Routing\Router.php(618): Illuminate\Routing\Router->runRouteWithinStack(Object(Illuminate\Routing\Route), Object(Illuminate\Http\Request))
#44 C:\LaravelBlog\Blog\vendor\laravel\framework\src\Illuminate\Routing\Router.php(596): Illuminate\Routing\Router->dispatchToRoute(Object(Illuminate\Http\Request))
#45 C:\LaravelBlog\Blog\vendor\laravel\framework\src\Illuminate\Foundation\Http\Kernel.php(267): Illuminate\Routing\Router->dispatch(Object(Illuminate\Http\Request))
#46 C:\LaravelBlog\Blog\vendor\laravel\framework\src\Illuminate\Routing\Pipeline.php(53): Illuminate\Foundation\Http\Kernel->Illuminate\Foundation\Http\{closure}(Object(Illuminate\Http\Request))
#47 C:\LaravelBlog\Blog\vendor\laravel\framework\src\Illuminate\Foundation\Http\Middleware\CheckForMaintenanceMode.php(46): Illuminate\Routing\Pipeline->Illuminate\Routing\{closure}(Object(Illuminate\Http\Request))
#48 C:\LaravelBlog\Blog\vendor\laravel\framework\src\Illuminate\Pipeline\Pipeline.php(137): Illuminate\Foundation\Http\Middleware\CheckForMaintenanceMode->handle(Object(Illuminate\Http\Request), Object(Closure))
#49 C:\LaravelBlog\Blog\vendor\laravel\framework\src\Illuminate\Routing\Pipeline.php(33): Illuminate\Pipeline\Pipeline->Illuminate\Pipeline\{closure}(Object(Illuminate\Http\Request))
#50 C:\LaravelBlog\Blog\vendor\laravel\framework\src\Illuminate\Pipeline\Pipeline.php(104): Illuminate\Routing\Pipeline->Illuminate\Routing\{closure}(Object(Illuminate\Http\Request))
#51 C:\LaravelBlog\Blog\vendor\laravel\framework\src\Illuminate\Foundation\Http\Kernel.php(149): Illuminate\Pipeline\Pipeline->then(Object(Closure))
#52 C:\LaravelBlog\Blog\vendor\laravel\framework\src\Illuminate\Foundation\Http\Kernel.php(116): Illuminate\Foundation\Http\Kernel->sendRequestThroughRouter(Object(Illuminate\Http\Request))
#53 C:\LaravelBlog\Blog\public\index.php(53): Illuminate\Foundation\Http\Kernel->handle(Object(Illuminate\Http\Request))
#54 C:\LaravelBlog\Blog\server.php(21): require_once('C:\\LaravelBlog\\...')
#55 {main}

Next ErrorException: Trying to get property of non-object (View: C:\LaravelBlog\Blog\resources\views\layouts\_includes\_nav.blade.php) in C:\LaravelBlog\Blog\storage\framework\views\b2ed46a0f793b398fc46d6738385b8c0c80d4ca9.php:31
Stack trace:
#0 C:\LaravelBlog\Blog\vendor\laravel\framework\src\Illuminate\View\Engines\PhpEngine.php(44): Illuminate\View\Engines\CompilerEngine->handleViewException(Object(ErrorException), 3)
#1 C:\LaravelBlog\Blog\vendor\laravel\framework\src\Illuminate\View\Engines\CompilerEngine.php(59): Illuminate\View\Engines\PhpEngine->evaluatePath('C:\\LaravelBlog\\...', Array)
#2 C:\LaravelBlog\Blog\vendor\laravel\framework\src\Illuminate\View\View.php(149): Illuminate\View\Engines\CompilerEngine->get('C:\\LaravelBlog\\...', Array)
#3 C:\LaravelBlog\Blog\vendor\laravel\framework\src\Illuminate\View\View.php(120): Illuminate\View\View->getContents()
#4 C:\LaravelBlog\Blog\vendor\laravel\framework\src\Illuminate\View\View.php(85): Illuminate\View\View->renderContents()
#5 C:\LaravelBlog\Blog\storage\framework\views\12d0bbb0539532dbb1e185048a333509d89dc5b7.php(25): Illuminate\View\View->render()
#6 C:\LaravelBlog\Blog\vendor\laravel\framework\src\Illuminate\View\Engines\PhpEngine.php(42): include('C:\\LaravelBlog\\...')
#7 C:\LaravelBlog\Blog\vendor\laravel\framework\src\Illuminate\View\Engines\CompilerEngine.php(59): Illuminate\View\Engines\PhpEngine->evaluatePath('C:\\LaravelBlog\\...', Array)
#8 C:\LaravelBlog\Blog\vendor\laravel\framework\src\Illuminate\View\View.php(149): Illuminate\View\Engines\CompilerEngine->get('C:\\LaravelBlog\\...', Array)
#9 C:\LaravelBlog\Blog\vendor\laravel\framework\src\Illuminate\View\View.php(120): Illuminate\View\View->getContents()
#10 C:\LaravelBlog\Blog\vendor\laravel\framework\src\Illuminate\View\View.php(85): Illuminate\View\View->renderContents()
#11 C:\LaravelBlog\Blog\storage\framework\views\fad7a812214436cb94a5e292b8a442265e166ad2.php(16): Illuminate\View\View->render()
#12 C:\LaravelBlog\Blog\vendor\laravel\framework\src\Illuminate\View\Engines\PhpEngine.php(42): include('C:\\LaravelBlog\\...')
#13 C:\LaravelBlog\Blog\vendor\laravel\framework\src\Illuminate\View\Engines\CompilerEngine.php(59): Illuminate\View\Engines\PhpEngine->evaluatePath('C:\\LaravelBlog\\...', Array)
#14 C:\LaravelBlog\Blog\vendor\laravel\framework\src\Illuminate\View\View.php(149): Illuminate\View\Engines\CompilerEngine->get('C:\\LaravelBlog\\...', Array)
#15 C:\LaravelBlog\Blog\vendor\laravel\framework\src\Illuminate\View\View.php(120): Illuminate\View\View->getContents()
#16 C:\LaravelBlog\Blog\vendor\laravel\framework\src\Illuminate\View\View.php(85): Illuminate\View\View->renderContents()
#17 C:\LaravelBlog\Blog\vendor\laravel\framework\src\Illuminate\Http\Response.php(45): Illuminate\View\View->render()
#18 C:\LaravelBlog\Blog\vendor\symfony\http-foundation\Response.php(201): Illuminate\Http\Response->setContent(Object(Illuminate\View\View))
#19 C:\LaravelBlog\Blog\vendor\laravel\framework\src\Illuminate\Routing\Router.php(1017): Symfony\Component\HttpFoundation\Response->__construct(Object(Illuminate\View\View))
#20 C:\LaravelBlog\Blog\vendor\laravel\framework\src\Illuminate\Routing\Router.php(642): Illuminate\Routing\Router->prepareResponse(Object(Illuminate\Http\Request), Object(Illuminate\View\View))
#21 C:\LaravelBlog\Blog\vendor\laravel\framework\src\Illuminate\Routing\Pipeline.php(53): Illuminate\Routing\Router->Illuminate\Routing\{closure}(Object(Illuminate\Http\Request))
#22 C:\LaravelBlog\Blog\vendor\laravel\framework\src\Illuminate\Routing\Middleware\SubstituteBindings.php(41): Illuminate\Routing\Pipeline->Illuminate\Routing\{closure}(Object(Illuminate\Http\Request))
#23 C:\LaravelBlog\Blog\vendor\laravel\framework\src\Illuminate\Pipeline\Pipeline.php(137): Illuminate\Routing\Middleware\SubstituteBindings->handle(Object(Illuminate\Http\Request), Object(Closure))
#24 C:\LaravelBlog\Blog\vendor\laravel\framework\src\Illuminate\Routing\Pipeline.php(33): Illuminate\Pipeline\Pipeline->Illuminate\Pipeline\{closure}(Object(Illuminate\Http\Request))
#25 C:\LaravelBlog\Blog\vendor\laravel\framework\src\Illuminate\Foundation\Http\Middleware\VerifyCsrfToken.php(65): Illuminate\Routing\Pipeline->Illuminate\Routing\{closure}(Object(Illuminate\Http\Request))
#26 C:\LaravelBlog\Blog\vendor\laravel\framework\src\Illuminate\Pipeline\Pipeline.php(137): Illuminate\Foundation\Http\Middleware\VerifyCsrfToken->handle(Object(Illuminate\Http\Request), Object(Closure))
#27 C:\LaravelBlog\Blog\vendor\laravel\framework\src\Illuminate\Routing\Pipeline.php(33): Illuminate\Pipeline\Pipeline->Illuminate\Pipeline\{closure}(Object(Illuminate\Http\Request))
#28 C:\LaravelBlog\Blog\vendor\laravel\framework\src\Illuminate\View\Middleware\ShareErrorsFromSession.php(49): Illuminate\Routing\Pipeline->Illuminate\Routing\{closure}(Object(Illuminate\Http\Request))
#29 C:\LaravelBlog\Blog\vendor\laravel\framework\src\Illuminate\Pipeline\Pipeline.php(137): Illuminate\View\Middleware\ShareErrorsFromSession->handle(Object(Illuminate\Http\Request), Object(Closure))
#30 C:\LaravelBlog\Blog\vendor\laravel\framework\src\Illuminate\Routing\Pipeline.php(33): Illuminate\Pipeline\Pipeline->Illuminate\Pipeline\{closure}(Object(Illuminate\Http\Request))
#31 C:\LaravelBlog\Blog\vendor\laravel\framework\src\Illuminate\Session\Middleware\StartSession.php(64): Illuminate\Routing\Pipeline->Illuminate\Routing\{closure}(Object(Illuminate\Http\Request))
#32 C:\LaravelBlog\Blog\vendor\laravel\framework\src\Illuminate\Pipeline\Pipeline.php(137): Illuminate\Session\Middleware\StartSession->handle(Object(Illuminate\Http\Request), Object(Closure))
#33 C:\LaravelBlog\Blog\vendor\laravel\framework\src\Illuminate\Routing\Pipeline.php(33): Illuminate\Pipeline\Pipeline->Illuminate\Pipeline\{closure}(Object(Illuminate\Http\Request))
#34 C:\LaravelBlog\Blog\vendor\laravel\framework\src\Illuminate\Cookie\Middleware\AddQueuedCookiesToResponse.php(37): Illuminate\Routing\Pipeline->Illuminate\Routing\{closure}(Object(Illuminate\Http\Request))
#35 C:\LaravelBlog\Blog\vendor\laravel\framework\src\Illuminate\Pipeline\Pipeline.php(137): Illuminate\Cookie\Middleware\AddQueuedCookiesToResponse->handle(Object(Illuminate\Http\Request), Object(Closure))
#36 C:\LaravelBlog\Blog\vendor\laravel\framework\src\Illuminate\Routing\Pipeline.php(33): Illuminate\Pipeline\Pipeline->Illuminate\Pipeline\{closure}(Object(Illuminate\Http\Request))
#37 C:\LaravelBlog\Blog\vendor\laravel\framework\src\Illuminate\Cookie\Middleware\EncryptCookies.php(59): Illuminate\Routing\Pipeline->Illuminate\Routing\{closure}(Object(Illuminate\Http\Request))
#38 C:\LaravelBlog\Blog\vendor\laravel\framework\src\Illuminate\Pipeline\Pipeline.php(137): Illuminate\Cookie\Middleware\EncryptCookies->handle(Object(Illuminate\Http\Request), Object(Closure))
#39 C:\LaravelBlog\Blog\vendor\laravel\framework\src\Illuminate\Routing\Pipeline.php(33): Illuminate\Pipeline\Pipeline->Illuminate\Pipeline\{closure}(Object(Illuminate\Http\Request))
#40 C:\LaravelBlog\Blog\vendor\laravel\framework\src\Illuminate\Pipeline\Pipeline.php(104): Illuminate\Routing\Pipeline->Illuminate\Routing\{closure}(Object(Illuminate\Http\Request))
#41 C:\LaravelBlog\Blog\vendor\laravel\framework\src\Illuminate\Routing\Router.php(644): Illuminate\Pipeline\Pipeline->then(Object(Closure))
#42 C:\LaravelBlog\Blog\vendor\laravel\framework\src\Illuminate\Routing\Router.php(618): Illuminate\Routing\Router->runRouteWithinStack(Object(Illuminate\Routing\Route), Object(Illuminate\Http\Request))
#43 C:\LaravelBlog\Blog\vendor\laravel\framework\src\Illuminate\Routing\Router.php(596): Illuminate\Routing\Router->dispatchToRoute(Object(Illuminate\Http\Request))
#44 C:\LaravelBlog\Blog\vendor\laravel\framework\src\Illuminate\Foundation\Http\Kernel.php(267): Illuminate\Routing\Router->dispatch(Object(Illuminate\Http\Request))
#45 C:\LaravelBlog\Blog\vendor\laravel\framework\src\Illuminate\Routing\Pipeline.php(53): Illuminate\Foundation\Http\Kernel->Illuminate\Foundation\Http\{closure}(Object(Illuminate\Http\Request))
#46 C:\LaravelBlog\Blog\vendor\laravel\framework\src\Illuminate\Foundation\Http\Middleware\CheckForMaintenanceMode.php(46): Illuminate\Routing\Pipeline->Illuminate\Routing\{closure}(Object(Illuminate\Http\Request))
#47 C:\LaravelBlog\Blog\vendor\laravel\framework\src\Illuminate\Pipeline\Pipeline.php(137): Illuminate\Foundation\Http\Middleware\CheckForMaintenanceMode->handle(Object(Illuminate\Http\Request), Object(Closure))
#48 C:\LaravelBlog\Blog\vendor\laravel\framework\src\Illuminate\Routing\Pipeline.php(33): Illuminate\Pipeline\Pipeline->Illuminate\Pipeline\{closure}(Object(Illuminate\Http\Request))
#49 C:\LaravelBlog\Blog\vendor\laravel\framework\src\Illuminate\Pipeline\Pipeline.php(104): Illuminate\Routing\Pipeline->Illuminate\Routing\{closure}(Object(Illuminate\Http\Request))
#50 C:\LaravelBlog\Blog\vendor\laravel\framework\src\Illuminate\Foundation\Http\Kernel.php(149): Illuminate\Pipeline\Pipeline->then(Object(Closure))
#51 C:\LaravelBlog\Blog\vendor\laravel\framework\src\Illuminate\Foundation\Http\Kernel.php(116): Illuminate\Foundation\Http\Kernel->sendRequestThroughRouter(Object(Illuminate\Http\Request))
#52 C:\LaravelBlog\Blog\public\index.php(53): Illuminate\Foundation\Http\Kernel->handle(Object(Illuminate\Http\Request))
#53 C:\LaravelBlog\Blog\server.php(21): require_once('C:\\LaravelBlog\\...')
#54 {main}

Next ErrorException: Trying to get property of non-object (View: C:\LaravelBlog\Blog\resources\views\layouts\_includes\_nav.blade.php) (View: C:\LaravelBlog\Blog\resources\views\layouts\_includes\_nav.blade.php) in C:\LaravelBlog\Blog\storage\framework\views\b2ed46a0f793b398fc46d6738385b8c0c80d4ca9.php:31
Stack trace:
#0 C:\LaravelBlog\Blog\vendor\laravel\framework\src\Illuminate\View\Engines\PhpEngine.php(44): Illuminate\View\Engines\CompilerEngine->handleViewException(Object(ErrorException), 2)
#1 C:\LaravelBlog\Blog\vendor\laravel\framework\src\Illuminate\View\Engines\CompilerEngine.php(59): Illuminate\View\Engines\PhpEngine->evaluatePath('C:\\LaravelBlog\\...', Array)
#2 C:\LaravelBlog\Blog\vendor\laravel\framework\src\Illuminate\View\View.php(149): Illuminate\View\Engines\CompilerEngine->get('C:\\LaravelBlog\\...', Array)
#3 C:\LaravelBlog\Blog\vendor\laravel\framework\src\Illuminate\View\View.php(120): Illuminate\View\View->getContents()
#4 C:\LaravelBlog\Blog\vendor\laravel\framework\src\Illuminate\View\View.php(85): Illuminate\View\View->renderContents()
#5 C:\LaravelBlog\Blog\storage\framework\views\fad7a812214436cb94a5e292b8a442265e166ad2.php(16): Illuminate\View\View->render()
#6 C:\LaravelBlog\Blog\vendor\laravel\framework\src\Illuminate\View\Engines\PhpEngine.php(42): include('C:\\LaravelBlog\\...')
#7 C:\LaravelBlog\Blog\vendor\laravel\framework\src\Illuminate\View\Engines\CompilerEngine.php(59): Illuminate\View\Engines\PhpEngine->evaluatePath('C:\\LaravelBlog\\...', Array)
#8 C:\LaravelBlog\Blog\vendor\laravel\framework\src\Illuminate\View\View.php(149): Illuminate\View\Engines\CompilerEngine->get('C:\\LaravelBlog\\...', Array)
#9 C:\LaravelBlog\Blog\vendor\laravel\framework\src\Illuminate\View\View.php(120): Illuminate\View\View->getContents()
#10 C:\LaravelBlog\Blog\vendor\laravel\framework\src\Illuminate\View\View.php(85): Illuminate\View\View->renderContents()
#11 C:\LaravelBlog\Blog\vendor\laravel\framework\src\Illuminate\Http\Response.php(45): Illuminate\View\View->render()
#12 C:\LaravelBlog\Blog\vendor\symfony\http-foundation\Response.php(201): Illuminate\Http\Response->setContent(Object(Illuminate\View\View))
#13 C:\LaravelBlog\Blog\vendor\laravel\framework\src\Illuminate\Routing\Router.php(1017): Symfony\Component\HttpFoundation\Response->__construct(Object(Illuminate\View\View))
#14 C:\LaravelBlog\Blog\vendor\laravel\framework\src\Illuminate\Routing\Router.php(642): Illuminate\Routing\Router->prepareResponse(Object(Illuminate\Http\Request), Object(Illuminate\View\View))
#15 C:\LaravelBlog\Blog\vendor\laravel\framework\src\Illuminate\Routing\Pipeline.php(53): Illuminate\Routing\Router->Illuminate\Routing\{closure}(Object(Illuminate\Http\Request))
#16 C:\LaravelBlog\Blog\vendor\laravel\framework\src\Illuminate\Routing\Middleware\SubstituteBindings.php(41): Illuminate\Routing\Pipeline->Illuminate\Routing\{closure}(Object(Illuminate\Http\Request))
#17 C:\LaravelBlog\Blog\vendor\laravel\framework\src\Illuminate\Pipeline\Pipeline.php(137): Illuminate\Routing\Middleware\SubstituteBindings->handle(Object(Illuminate\Http\Request), Object(Closure))
#18 C:\LaravelBlog\Blog\vendor\laravel\framework\src\Illuminate\Routing\Pipeline.php(33): Illuminate\Pipeline\Pipeline->Illuminate\Pipeline\{closure}(Object(Illuminate\Http\Request))
#19 C:\LaravelBlog\Blog\vendor\laravel\framework\src\Illuminate\Foundation\Http\Middleware\VerifyCsrfToken.php(65): Illuminate\Routing\Pipeline->Illuminate\Routing\{closure}(Object(Illuminate\Http\Request))
#20 C:\LaravelBlog\Blog\vendor\laravel\framework\src\Illuminate\Pipeline\Pipeline.php(137): Illuminate\Foundation\Http\Middleware\VerifyCsrfToken->handle(Object(Illuminate\Http\Request), Object(Closure))
#21 C:\LaravelBlog\Blog\vendor\laravel\framework\src\Illuminate\Routing\Pipeline.php(33): Illuminate\Pipeline\Pipeline->Illuminate\Pipeline\{closure}(Object(Illuminate\Http\Request))
#22 C:\LaravelBlog\Blog\vendor\laravel\framework\src\Illuminate\View\Middleware\ShareErrorsFromSession.php(49): Illuminate\Routing\Pipeline->Illuminate\Routing\{closure}(Object(Illuminate\Http\Request))
#23 C:\LaravelBlog\Blog\vendor\laravel\framework\src\Illuminate\Pipeline\Pipeline.php(137): Illuminate\View\Middleware\ShareErrorsFromSession->handle(Object(Illuminate\Http\Request), Object(Closure))
#24 C:\LaravelBlog\Blog\vendor\laravel\framework\src\Illuminate\Routing\Pipeline.php(33): Illuminate\Pipeline\Pipeline->Illuminate\Pipeline\{closure}(Object(Illuminate\Http\Request))
#25 C:\LaravelBlog\Blog\vendor\laravel\framework\src\Illuminate\Session\Middleware\StartSession.php(64): Illuminate\Routing\Pipeline->Illuminate\Routing\{closure}(Object(Illuminate\Http\Request))
#26 C:\LaravelBlog\Blog\vendor\laravel\framework\src\Illuminate\Pipeline\Pipeline.php(137): Illuminate\Session\Middleware\StartSession->handle(Object(Illuminate\Http\Request), Object(Closure))
#27 C:\LaravelBlog\Blog\vendor\laravel\framework\src\Illuminate\Routing\Pipeline.php(33): Illuminate\Pipeline\Pipeline->Illuminate\Pipeline\{closure}(Object(Illuminate\Http\Request))
#28 C:\LaravelBlog\Blog\vendor\laravel\framework\src\Illuminate\Cookie\Middleware\AddQueuedCookiesToResponse.php(37): Illuminate\Routing\Pipeline->Illuminate\Routing\{closure}(Object(Illuminate\Http\Request))
#29 C:\LaravelBlog\Blog\vendor\laravel\framework\src\Illuminate\Pipeline\Pipeline.php(137): Illuminate\Cookie\Middleware\AddQueuedCookiesToResponse->handle(Object(Illuminate\Http\Request), Object(Closure))
#30 C:\LaravelBlog\Blog\vendor\laravel\framework\src\Illuminate\Routing\Pipeline.php(33): Illuminate\Pipeline\Pipeline->Illuminate\Pipeline\{closure}(Object(Illuminate\Http\Request))
#31 C:\LaravelBlog\Blog\vendor\laravel\framework\src\Illuminate\Cookie\Middleware\EncryptCookies.php(59): Illuminate\Routing\Pipeline->Illuminate\Routing\{closure}(Object(Illuminate\Http\Request))
#32 C:\LaravelBlog\Blog\vendor\laravel\framework\src\Illuminate\Pipeline\Pipeline.php(137): Illuminate\Cookie\Middleware\EncryptCookies->handle(Object(Illuminate\Http\Request), Object(Closure))
#33 C:\LaravelBlog\Blog\vendor\laravel\framework\src\Illuminate\Routing\Pipeline.php(33): Illuminate\Pipeline\Pipeline->Illuminate\Pipeline\{closure}(Object(Illuminate\Http\Request))
#34 C:\LaravelBlog\Blog\vendor\laravel\framework\src\Illuminate\Pipeline\Pipeline.php(104): Illuminate\Routing\Pipeline->Illuminate\Routing\{closure}(Object(Illuminate\Http\Request))
#35 C:\LaravelBlog\Blog\vendor\laravel\framework\src\Illuminate\Routing\Router.php(644): Illuminate\Pipeline\Pipeline->then(Object(Closure))
#36 C:\LaravelBlog\Blog\vendor\laravel\framework\src\Illuminate\Routing\Router.php(618): Illuminate\Routing\Router->runRouteWithinStack(Object(Illuminate\Routing\Route), Object(Illuminate\Http\Request))
#37 C:\LaravelBlog\Blog\vendor\laravel\framework\src\Illuminate\Routing\Router.php(596): Illuminate\Routing\Router->dispatchToRoute(Object(Illuminate\Http\Request))
#38 C:\LaravelBlog\Blog\vendor\laravel\framework\src\Illuminate\Foundation\Http\Kernel.php(267): Illuminate\Routing\Router->dispatch(Object(Illuminate\Http\Request))
#39 C:\LaravelBlog\Blog\vendor\laravel\framework\src\Illuminate\Routing\Pipeline.php(53): Illuminate\Foundation\Http\Kernel->Illuminate\Foundation\Http\{closure}(Object(Illuminate\Http\Request))
#40 C:\LaravelBlog\Blog\vendor\laravel\framework\src\Illuminate\Foundation\Http\Middleware\CheckForMaintenanceMode.php(46): Illuminate\Routing\Pipeline->Illuminate\Routing\{closure}(Object(Illuminate\Http\Request))
#41 C:\LaravelBlog\Blog\vendor\laravel\framework\src\Illuminate\Pipeline\Pipeline.php(137): Illuminate\Foundation\Http\Middleware\CheckForMaintenanceMode->handle(Object(Illuminate\Http\Request), Object(Closure))
#42 C:\LaravelBlog\Blog\vendor\laravel\framework\src\Illuminate\Routing\Pipeline.php(33): Illuminate\Pipeline\Pipeline->Illuminate\Pipeline\{closure}(Object(Illuminate\Http\Request))
#43 C:\LaravelBlog\Blog\vendor\laravel\framework\src\Illuminate\Pipeline\Pipeline.php(104): Illuminate\Routing\Pipeline->Illuminate\Routing\{closure}(Object(Illuminate\Http\Request))
#44 C:\LaravelBlog\Blog\vendor\laravel\framework\src\Illuminate\Foundation\Http\Kernel.php(149): Illuminate\Pipeline\Pipeline->then(Object(Closure))
#45 C:\LaravelBlog\Blog\vendor\laravel\framework\src\Illuminate\Foundation\Http\Kernel.php(116): Illuminate\Foundation\Http\Kernel->sendRequestThroughRouter(Object(Illuminate\Http\Request))
#46 C:\LaravelBlog\Blog\public\index.php(53): Illuminate\Foundation\Http\Kernel->handle(Object(Illuminate\Http\Request))
#47 C:\LaravelBlog\Blog\server.php(21): require_once('C:\\LaravelBlog\\...')
#48 {main}

Next ErrorException: Trying to get property of non-object (View: C:\LaravelBlog\Blog\resources\views\layouts\_includes\_nav.blade.php) (View: C:\LaravelBlog\Blog\resources\views\layouts\_includes\_nav.blade.php) (View: C:\LaravelBlog\Blog\resources\views\layouts\_includes\_nav.blade.php) in C:\LaravelBlog\Blog\storage\framework\views\b2ed46a0f793b398fc46d6738385b8c0c80d4ca9.php:31
Stack trace:
#0 C:\LaravelBlog\Blog\vendor\laravel\framework\src\Illuminate\View\Engines\PhpEngine.php(44): Illuminate\View\Engines\CompilerEngine->handleViewException(Object(ErrorException), 1)
#1 C:\LaravelBlog\Blog\vendor\laravel\framework\src\Illuminate\View\Engines\CompilerEngine.php(59): Illuminate\View\Engines\PhpEngine->evaluatePath('C:\\LaravelBlog\\...', Array)
#2 C:\LaravelBlog\Blog\vendor\laravel\framework\src\Illuminate\View\View.php(149): Illuminate\View\Engines\CompilerEngine->get('C:\\LaravelBlog\\...', Array)
#3 C:\LaravelBlog\Blog\vendor\laravel\framework\src\Illuminate\View\View.php(120): Illuminate\View\View->getContents()
#4 C:\LaravelBlog\Blog\vendor\laravel\framework\src\Illuminate\View\View.php(85): Illuminate\View\View->renderContents()
#5 C:\LaravelBlog\Blog\vendor\laravel\framework\src\Illuminate\Http\Response.php(45): Illuminate\View\View->render()
#6 C:\LaravelBlog\Blog\vendor\symfony\http-foundation\Response.php(201): Illuminate\Http\Response->setContent(Object(Illuminate\View\View))
#7 C:\LaravelBlog\Blog\vendor\laravel\framework\src\Illuminate\Routing\Router.php(1017): Symfony\Component\HttpFoundation\Response->__construct(Object(Illuminate\View\View))
#8 C:\LaravelBlog\Blog\vendor\laravel\framework\src\Illuminate\Routing\Router.php(642): Illuminate\Routing\Router->prepareResponse(Object(Illuminate\Http\Request), Object(Illuminate\View\View))
#9 C:\LaravelBlog\Blog\vendor\laravel\framework\src\Illuminate\Routing\Pipeline.php(53): Illuminate\Routing\Router->Illuminate\Routing\{closure}(Object(Illuminate\Http\Request))
#10 C:\LaravelBlog\Blog\vendor\laravel\framework\src\Illuminate\Routing\Middleware\SubstituteBindings.php(41): Illuminate\Routing\Pipeline->Illuminate\Routing\{closure}(Object(Illuminate\Http\Request))
#11 C:\LaravelBlog\Blog\vendor\laravel\framework\src\Illuminate\Pipeline\Pipeline.php(137): Illuminate\Routing\Middleware\SubstituteBindings->handle(Object(Illuminate\Http\Request), Object(Closure))
#12 C:\LaravelBlog\Blog\vendor\laravel\framework\src\Illuminate\Routing\Pipeline.php(33): Illuminate\Pipeline\Pipeline->Illuminate\Pipeline\{closure}(Object(Illuminate\Http\Request))
#13 C:\LaravelBlog\Blog\vendor\laravel\framework\src\Illuminate\Foundation\Http\Middleware\VerifyCsrfToken.php(65): Illuminate\Routing\Pipeline->Illuminate\Routing\{closure}(Object(Illuminate\Http\Request))
#14 C:\LaravelBlog\Blog\vendor\laravel\framework\src\Illuminate\Pipeline\Pipeline.php(137): Illuminate\Foundation\Http\Middleware\VerifyCsrfToken->handle(Object(Illuminate\Http\Request), Object(Closure))
#15 C:\LaravelBlog\Blog\vendor\laravel\framework\src\Illuminate\Routing\Pipeline.php(33): Illuminate\Pipeline\Pipeline->Illuminate\Pipeline\{closure}(Object(Illuminate\Http\Request))
#16 C:\LaravelBlog\Blog\vendor\laravel\framework\src\Illuminate\View\Middleware\ShareErrorsFromSession.php(49): Illuminate\Routing\Pipeline->Illuminate\Routing\{closure}(Object(Illuminate\Http\Request))
#17 C:\LaravelBlog\Blog\vendor\laravel\framework\src\Illuminate\Pipeline\Pipeline.php(137): Illuminate\View\Middleware\ShareErrorsFromSession->handle(Object(Illuminate\Http\Request), Object(Closure))
#18 C:\LaravelBlog\Blog\vendor\laravel\framework\src\Illuminate\Routing\Pipeline.php(33): Illuminate\Pipeline\Pipeline->Illuminate\Pipeline\{closure}(Object(Illuminate\Http\Request))
#19 C:\LaravelBlog\Blog\vendor\laravel\framework\src\Illuminate\Session\Middleware\StartSession.php(64): Illuminate\Routing\Pipeline->Illuminate\Routing\{closure}(Object(Illuminate\Http\Request))
#20 C:\LaravelBlog\Blog\vendor\laravel\framework\src\Illuminate\Pipeline\Pipeline.php(137): Illuminate\Session\Middleware\StartSession->handle(Object(Illuminate\Http\Request), Object(Closure))
#21 C:\LaravelBlog\Blog\vendor\laravel\framework\src\Illuminate\Routing\Pipeline.php(33): Illuminate\Pipeline\Pipeline->Illuminate\Pipeline\{closure}(Object(Illuminate\Http\Request))
#22 C:\LaravelBlog\Blog\vendor\laravel\framework\src\Illuminate\Cookie\Middleware\AddQueuedCookiesToResponse.php(37): Illuminate\Routing\Pipeline->Illuminate\Routing\{closure}(Object(Illuminate\Http\Request))
#23 C:\LaravelBlog\Blog\vendor\laravel\framework\src\Illuminate\Pipeline\Pipeline.php(137): Illuminate\Cookie\Middleware\AddQueuedCookiesToResponse->handle(Object(Illuminate\Http\Request), Object(Closure))
#24 C:\LaravelBlog\Blog\vendor\laravel\framework\src\Illuminate\Routing\Pipeline.php(33): Illuminate\Pipeline\Pipeline->Illuminate\Pipeline\{closure}(Object(Illuminate\Http\Request))
#25 C:\LaravelBlog\Blog\vendor\laravel\framework\src\Illuminate\Cookie\Middleware\EncryptCookies.php(59): Illuminate\Routing\Pipeline->Illuminate\Routing\{closure}(Object(Illuminate\Http\Request))
#26 C:\LaravelBlog\Blog\vendor\laravel\framework\src\Illuminate\Pipeline\Pipeline.php(137): Illuminate\Cookie\Middleware\EncryptCookies->handle(Object(Illuminate\Http\Request), Object(Closure))
#27 C:\LaravelBlog\Blog\vendor\laravel\framework\src\Illuminate\Routing\Pipeline.php(33): Illuminate\Pipeline\Pipeline->Illuminate\Pipeline\{closure}(Object(Illuminate\Http\Request))
#28 C:\LaravelBlog\Blog\vendor\laravel\framework\src\Illuminate\Pipeline\Pipeline.php(104): Illuminate\Routing\Pipeline->Illuminate\Routing\{closure}(Object(Illuminate\Http\Request))
#29 C:\LaravelBlog\Blog\vendor\laravel\framework\src\Illuminate\Routing\Router.php(644): Illuminate\Pipeline\Pipeline->then(Object(Closure))
#30 C:\LaravelBlog\Blog\vendor\laravel\framework\src\Illuminate\Routing\Router.php(618): Illuminate\Routing\Router->runRouteWithinStack(Object(Illuminate\Routing\Route), Object(Illuminate\Http\Request))
#31 C:\LaravelBlog\Blog\vendor\laravel\framework\src\Illuminate\Routing\Router.php(596): Illuminate\Routing\Router->dispatchToRoute(Object(Illuminate\Http\Request))
#32 C:\LaravelBlog\Blog\vendor\laravel\framework\src\Illuminate\Foundation\Http\Kernel.php(267): Illuminate\Routing\Router->dispatch(Object(Illuminate\Http\Request))
#33 C:\LaravelBlog\Blog\vendor\laravel\framework\src\Illuminate\Routing\Pipeline.php(53): Illuminate\Foundation\Http\Kernel->Illuminate\Foundation\Http\{closure}(Object(Illuminate\Http\Request))
#34 C:\LaravelBlog\Blog\vendor\laravel\framework\src\Illuminate\Foundation\Http\Middleware\CheckForMaintenanceMode.php(46): Illuminate\Routing\Pipeline->Illuminate\Routing\{closure}(Object(Illuminate\Http\Request))
#35 C:\LaravelBlog\Blog\vendor\laravel\framework\src\Illuminate\Pipeline\Pipeline.php(137): Illuminate\Foundation\Http\Middleware\CheckForMaintenanceMode->handle(Object(Illuminate\Http\Request), Object(Closure))
#36 C:\LaravelBlog\Blog\vendor\laravel\framework\src\Illuminate\Routing\Pipeline.php(33): Illuminate\Pipeline\Pipeline->Illuminate\Pipeline\{closure}(Object(Illuminate\Http\Request))
#37 C:\LaravelBlog\Blog\vendor\laravel\framework\src\Illuminate\Pipeline\Pipeline.php(104): Illuminate\Routing\Pipeline->Illuminate\Routing\{closure}(Object(Illuminate\Http\Request))
#38 C:\LaravelBlog\Blog\vendor\laravel\framework\src\Illuminate\Foundation\Http\Kernel.php(149): Illuminate\Pipeline\Pipeline->then(Object(Closure))
#39 C:\LaravelBlog\Blog\vendor\laravel\framework\src\Illuminate\Foundation\Http\Kernel.php(116): Illuminate\Foundation\Http\Kernel->sendRequestThroughRouter(Object(Illuminate\Http\Request))
#40 C:\LaravelBlog\Blog\public\index.php(53): Illuminate\Foundation\Http\Kernel->handle(Object(Illuminate\Http\Request))
#41 C:\LaravelBlog\Blog\server.php(21): require_once('C:\\LaravelBlog\\...')
#42 {main}  
